2016-10-11 15:50:43 pay :
------------
String:
array (
  'appid' => 'wx7efe0ce5b9264bf1',
  'attach' => '3',
  'bank_type' => 'CFT',
  'cash_fee' => '10',
  'fee_type' => 'CNY',
  'is_subscribe' => 'Y',
  'mch_id' => '10037493',
  'nonce_str' => 'e8XdgS56',
  'openid' => 'oItv0twZifvHhKZwolVIbeG4NR6Q',
  'out_trade_no' => '2016101115502300001354615642',
  'result_code' => 'SUCCESS',
  'return_code' => 'SUCCESS',
  'sign' => '246719758EE49AE4633A0E425DD4B183',
  'time_end' => '20161011154730',
  'total_fee' => '10',
  'trade_type' => 'JSAPI',
  'transaction_id' => '4002472001201610116397667056',
)

2016-10-11 16:07:31 trace :
------------
String:
<xml><ToUserName><![CDATA[toUser]]></ToUserName><FromUserName><![CDATA[fromUser]]></FromUserName><CreateTime>1476173171</CreateTime><MsgType><![CDATA[text]]></MsgType><Content><![CDATA[测试内容]]></Content><MsgId>1234567890123456</MsgId></xml>

2016-10-11 16:07:31 params :
------------
String:
array (
  'rule' => -2,
  'module' => '',
  'message' => 
  array (
    'tousername' => 'toUser',
    'fromusername' => 'fromUser',
    'createtime' => '1476173171',
    'msgtype' => 'text',
    'content' => '测试内容',
    'msgid' => '1234567890123456',
    'from' => 'fromUser',
    'to' => 'toUser',
    'time' => '1476173171',
    'type' => 'text',
    'event' => NULL,
    'redirection' => false,
    'source' => NULL,
  ),
)

2016-10-11 16:07:31 response :
------------

2016-10-11 16:48:58 trace :
------------
String:
<xml><ToUserName><![CDATA[toUser]]></ToUserName><FromUserName><![CDATA[fromUser]]></FromUserName><CreateTime>1476175698</CreateTime><MsgType><![CDATA[text]]></MsgType><Content><![CDATA[测试内容]]></Content><MsgId>1234567890123456</MsgId></xml>

2016-10-11 16:48:58 params :
------------
String:
array (
  'rule' => -2,
  'module' => '',
  'message' => 
  array (
    'tousername' => 'toUser',
    'fromusername' => 'fromUser',
    'createtime' => '1476175698',
    'msgtype' => 'text',
    'content' => '测试内容',
    'msgid' => '1234567890123456',
    'from' => 'fromUser',
    'to' => 'toUser',
    'time' => '1476175698',
    'type' => 'text',
    'event' => NULL,
    'redirection' => false,
    'source' => NULL,
  ),
)

2016-10-11 16:48:58 response :
------------

